<?xml version="1.0" encoding="UTF-8"?>
<!-- Generated by org.testng.reporters.JUnitXMLReporter -->
<testsuite hostname="Galinas-Air" name="Default test" tests="4" failures="0" timestamp="31 Jan 2017 03:15:57 GMT" time="0.089" errors="0">
  <testcase name="testDataHelperInstance" time="0.013" classname="com.sqa.gy.DataHelperTest"/>
  <testcase name="testDataHelperInstance" time="0.005" classname="com.sqa.gy.DataHelperTest"/>
  <testcase name="testDataHelperStatic" time="0.006" classname="com.sqa.gy.DataHelperTest"/>
  <testcase name="testDataHelperStatic" time="0.01" classname="com.sqa.gy.DataHelperTest"/>
</testsuite> <!-- Default test -->
