<?xml version="1.0" encoding="UTF-8"?>
<testng-results skipped="0" failed="0" total="4" passed="4">
  <reporter-output>
  </reporter-output>
  <suite name="Default suite" duration-ms="89" started-at="2017-01-31T03:15:57Z" finished-at="2017-01-31T03:15:57Z">
    <groups>
    </groups>
    <test name="Default test" duration-ms="89" started-at="2017-01-31T03:15:57Z" finished-at="2017-01-31T03:15:57Z">
      <class name="com.sqa.gy.DataHelperTest">
        <test-method status="PASS" signature="testDataHelperInstance([[Ljava.lang.Object;)[pri:0, instance:com.sqa.gy.DataHelperTest@5c7a987e]" name="testDataHelperInstance" duration-ms="13" started-at="2017-01-30T19:15:57Z" data-provider="dp" finished-at="2017-01-30T19:15:57Z">
          <params>
            <param index="0">
              <value>
                <![CDATA[[[Ljava.lang.Object;@67090e25]]>
              </value>
            </param>
          </params>
          <reporter-output>
          </reporter-output>
        </test-method> <!-- testDataHelperInstance -->
        <test-method status="PASS" signature="testDataHelperInstance([[Ljava.lang.Object;)[pri:0, instance:com.sqa.gy.DataHelperTest@5c7a987e]" name="testDataHelperInstance" duration-ms="5" started-at="2017-01-30T19:15:57Z" data-provider="dp" finished-at="2017-01-30T19:15:57Z">
          <params>
            <param index="0">
              <value>
                <![CDATA[[[Ljava.lang.Object;@37fd3fc]]>
              </value>
            </param>
          </params>
          <reporter-output>
          </reporter-output>
        </test-method> <!-- testDataHelperInstance -->
        <test-method status="PASS" signature="testDataHelperStatic([[Ljava.lang.Object;)[pri:0, instance:com.sqa.gy.DataHelperTest@5c7a987e]" name="testDataHelperStatic" duration-ms="6" started-at="2017-01-30T19:15:57Z" data-provider="dp" finished-at="2017-01-30T19:15:57Z">
          <params>
            <param index="0">
              <value>
                <![CDATA[[[Ljava.lang.Object;@3d36472f]]>
              </value>
            </param>
          </params>
          <reporter-output>
          </reporter-output>
        </test-method> <!-- testDataHelperStatic -->
        <test-method status="PASS" signature="testDataHelperStatic([[Ljava.lang.Object;)[pri:0, instance:com.sqa.gy.DataHelperTest@5c7a987e]" name="testDataHelperStatic" duration-ms="10" started-at="2017-01-30T19:15:57Z" data-provider="dp" finished-at="2017-01-30T19:15:57Z">
          <params>
            <param index="0">
              <value>
                <![CDATA[[[Ljava.lang.Object;@367b7e0e]]>
              </value>
            </param>
          </params>
          <reporter-output>
          </reporter-output>
        </test-method> <!-- testDataHelperStatic -->
      </class> <!-- com.sqa.gy.DataHelperTest -->
    </test> <!-- Default test -->
  </suite> <!-- Default suite -->
</testng-results>
